Using pre-set license
Built from '2021.3/staging' branch; Version is '2021.3.25f1 (68ef2c4f8861) revision 6876972'; Using compiler version '192829333'; Build Type 'Release'
OS: 'Windows 11  (10.0.22621) 64bit Education' Language: 'ko' Physical Memory: 16109 MB
BatchMode: 1, IsHumanControllingUs: 0, StartBugReporterOnCrash: 0, Is64bit: 1, IsPro: 1

COMMAND LINE ARGUMENTS:
C:\Program Files\Unity\Hub\Editor\2021.3.25f1\Editor\Unity.exe
-adb2
-batchMode
-noUpm
-name
AssetImportWorker0
-projectPath
C:/Users/82102/IGDCProject
-logFile
Logs/AssetImportWorker0.log
-srvPort
60038
Successfully changed project path to: C:/Users/82102/IGDCProject
C:/Users/82102/IGDCProject
[UnityMemory] Configuration Parameters - Can be set up in boot.config
    "memorysetup-bucket-allocator-granularity=16"
    "memorysetup-bucket-allocator-bucket-count=8"
    "memorysetup-bucket-allocator-block-size=33554432"
    "memorysetup-bucket-allocator-block-count=8"
    "memorysetup-main-allocator-block-size=16777216"
    "memorysetup-thread-allocator-block-size=16777216"
    "memorysetup-gfx-main-allocator-block-size=16777216"
    "memorysetup-gfx-thread-allocator-block-size=16777216"
    "memorysetup-cache-allocator-block-size=4194304"
    "memorysetup-typetree-allocator-block-size=2097152"
    "memorysetup-profiler-bucket-allocator-granularity=16"
    "memorysetup-profiler-bucket-allocator-bucket-count=8"
    "memorysetup-profiler-bucket-allocator-block-size=33554432"
    "memorysetup-profiler-bucket-allocator-block-count=8"
    "memorysetup-profiler-allocator-block-size=16777216"
    "memorysetup-profiler-editor-allocator-block-size=1048576"
    "memorysetup-temp-allocator-size-main=16777216"
    "memorysetup-job-temp-allocator-block-size=2097152"
    "memorysetup-job-temp-allocator-block-size-background=1048576"
    "memorysetup-job-temp-allocator-reduction-small-platforms=262144"
    "memorysetup-temp-allocator-size-background-worker=32768"
    "memorysetup-temp-allocator-size-job-worker=262144"
    "memorysetup-temp-allocator-size-preload-manager=33554432"
    "memorysetup-temp-allocator-size-nav-mesh-worker=65536"
    "memorysetup-temp-allocator-size-audio-worker=65536"
    "memorysetup-temp-allocator-size-cloud-worker=32768"
    "memorysetup-temp-allocator-size-gi-baking-worker=262144"
    "memorysetup-temp-allocator-size-gfx=262144"
Player connection [13256] Host "[IP] 192.168.200.162 [Port] 0 [Flags] 2 [Guid] 1742447322 [EditorId] 1742447322 [Version] 1048832 [Id] WindowsEditor(7,Ann) [Debug] 1 [PackageName] WindowsEditor [ProjectName] Editor" joined multi-casting on [225.0.0.222:54997]...

Player connection [13256] Host "[IP] 192.168.200.162 [Port] 0 [Flags] 2 [Guid] 1742447322 [EditorId] 1742447322 [Version] 1048832 [Id] WindowsEditor(7,Ann) [Debug] 1 [PackageName] WindowsEditor [ProjectName] Editor" joined alternative multi-casting on [225.0.0.222:34997]...

Refreshing native plugins compatible for Editor in 63.95 ms, found 4 plugins.
Preloading 0 native plugins for Editor in 0.00 ms.
Initialize engine version: 2021.3.25f1 (68ef2c4f8861)
[Subsystems] Discovering subsystems at path C:/Program Files/Unity/Hub/Editor/2021.3.25f1/Editor/Data/Resources/UnitySubsystems
[Subsystems] Discovering subsystems at path C:/Users/82102/IGDCProject/Assets
GfxDevice: creating device client; threaded=0; jobified=0
Direct3D:
    Version:  Direct3D 11.0 [level 11.1]
    Renderer: Intel(R) Iris(R) Xe Graphics (ID=0x46a6)
    Vendor:   Intel
    VRAM:     8054 MB
    Driver:   31.0.101.3616
Initialize mono
Mono path[0] = 'C:/Program Files/Unity/Hub/Editor/2021.3.25f1/Editor/Data/Managed'
Mono path[1] = 'C:/Program Files/Unity/Hub/Editor/2021.3.25f1/Editor/Data/MonoBleedingEdge/lib/mono/unityjit-win32'
Mono config path = 'C:/Program Files/Unity/Hub/Editor/2021.3.25f1/Editor/Data/MonoBleedingEdge/etc'
Using monoOptions --debugger-agent=transport=dt_socket,embedding=1,server=y,suspend=n,address=127.0.0.1:56020
Begin MonoManager ReloadAssembly
Registering precompiled unity dll's ...
Register platform support module: C:/Program Files/Unity/Hub/Editor/2021.3.25f1/Editor/Data/PlaybackEngines/WindowsStandaloneSupport/UnityEditor.WindowsStandalone.Extensions.dll
Registered in 0.003626 seconds.
Native extension for WindowsStandalone target not found
Refreshing native plugins compatible for Editor in 56.55 ms, found 4 plugins.
Preloading 0 native plugins for Editor in 0.00 ms.
Mono: successfully reloaded assembly
- Completed reload, in  0.495 seconds
Domain Reload Profiling:
	ReloadAssembly (495ms)
		BeginReloadAssembly (70ms)
			ExecutionOrderSort (0ms)
			DisableScriptedObjects (0ms)
			BackupInstance (0ms)
			ReleaseScriptingObjects (0ms)
			CreateAndSetChildDomain (1ms)
		EndReloadAssembly (341ms)
			LoadAssemblies (68ms)
			RebuildTransferFunctionScriptingTraits (0ms)
			SetupTypeCache (77ms)
			ReleaseScriptCaches (0ms)
			RebuildScriptCaches (24ms)
			SetupLoadedEditorAssemblies (197ms)
				LogAssemblyErrors (0ms)
				InitializePlatformSupportModulesInManaged (5ms)
				SetLoadedEditorAssemblies (0ms)
				RefreshPlugins (57ms)
				BeforeProcessingInitializeOnLoad (1ms)
				ProcessInitializeOnLoadAttributes (99ms)
				ProcessInitializeOnLoadMethodAttributes (34ms)
				AfterProcessingInitializeOnLoad (0ms)
				EditorAssembliesLoaded (0ms)
			ExecutionOrderSort2 (0ms)
			AwakeInstancesAfterBackupRestoration (0ms)
Platform modules already initialized, skipping
Registering precompiled user dll's ...
Registered in 0.007572 seconds.
Begin MonoManager ReloadAssembly
Symbol file LoadedFromMemory doesn't match image C:\Users\82102\IGDCProject\Library\PackageCache\com.unity.visualscripting@1.8.0\Editor\VisualScripting.Core\Dependencies\YamlDotNet\Unity.VisualScripting.YamlDotNet.dll
Symbol file LoadedFromMemory doesn't match image C:\Users\82102\IGDCProject\Library\PackageCache\com.unity.visualscripting@1.8.0\Editor\VisualScripting.Core\Dependencies\DotNetZip\Unity.VisualScripting.IonicZip.dll
Native extension for WindowsStandalone target not found
Refreshing native plugins compatible for Editor in 53.66 ms, found 4 plugins.
Preloading 0 native plugins for Editor in 0.00 ms.
Mono: successfully reloaded assembly
- Completed reload, in  0.984 seconds
Domain Reload Profiling:
	ReloadAssembly (985ms)
		BeginReloadAssembly (100ms)
			ExecutionOrderSort (0ms)
			DisableScriptedObjects (4ms)
			BackupInstance (0ms)
			ReleaseScriptingObjects (0ms)
			CreateAndSetChildDomain (15ms)
		EndReloadAssembly (788ms)
			LoadAssemblies (86ms)
			RebuildTransferFunctionScriptingTraits (0ms)
			SetupTypeCache (197ms)
			ReleaseScriptCaches (1ms)
			RebuildScriptCaches (65ms)
			SetupLoadedEditorAssemblies (386ms)
				LogAssemblyErrors (0ms)
				InitializePlatformSupportModulesInManaged (3ms)
				SetLoadedEditorAssemblies (0ms)
				RefreshPlugins (54ms)
				BeforeProcessingInitializeOnLoad (71ms)
				ProcessInitializeOnLoadAttributes (218ms)
				ProcessInitializeOnLoadMethodAttributes (35ms)
				AfterProcessingInitializeOnLoad (5ms)
				EditorAssembliesLoaded (0ms)
			ExecutionOrderSort2 (0ms)
			AwakeInstancesAfterBackupRestoration (5ms)
Platform modules already initialized, skipping
========================================================================
Worker process is ready to serve import requests
Launched and connected shader compiler UnityShaderCompiler.exe after 0.12 seconds
Refreshing native plugins compatible for Editor in 0.54 ms, found 4 plugins.
Preloading 0 native plugins for Editor in 0.00 ms.
Unloading 3732 Unused Serialized files (Serialized files now loaded: 0)
Unloading 41 unused Assets / (229.3 KB). Loaded Objects now: 4185.
Memory consumption went from 142.6 MB to 142.4 MB.
Total: 3.721100 ms (FindLiveObjects: 0.278300 ms CreateObjectMapping: 0.101200 ms MarkObjects: 3.151900 ms  DeleteObjects: 0.187500 ms)

AssetImportParameters requested are different than current active one (requested -> active):
  custom:video-decoder-ogg-theora: a1e56fd34408186e4bbccfd4996cb3dc -> 
  custom:container-muxer-webm: aa71ff27fc2769a1b78a27578f13a17b -> 
  custom:container-demuxer-webm: 4f35f7cbe854078d1ac9338744f61a02 -> 
  custom:video-encoder-webm-vp8: eb34c28f22e8b96e1ab97ce403110664 -> 
  custom:video-codec-MediaFoundation-h265: 746d11721c4dcdbdad8f713fa42b33f4 -> 
  custom:audio-encoder-webm-vorbis: bf7c407c2cedff20999df2af8eb42d56 -> 
  custom:framework-win-MediaFoundation: 216162199b28c13a410421893ffa2e32 -> 
  custom:container-demuxer-ogg: 62fdf1f143b41e24485cea50d1cbac27 -> 
  custom:video-decoder-webm-vp8: 9c59270c3fd7afecdb556c50c9e8de78 -> 
  custom:audio-decoder-ogg-vorbis: bf7c407c2cedff20999df2af8eb42d56 -> 
========================================================================
Received Import Request.
  Time since last request: 87295.171599 seconds.
  path: Assets
  artifactKey: Guid(00000000000000001000000000000000) Importer(815301076,1909f56bfc062723c751e8b465ee728b)
Start importing Assets using Guid(00000000000000001000000000000000) Importer(815301076,1909f56bfc062723c751e8b465ee728b)  -> (artifact id: '79842766b460edbeab6a34051e857a80') in 0.021408 seconds 
========================================================================
Received Import Request.
  Time since last request: 9.215671 seconds.
  path: Assets/Images
  artifactKey: Guid(c62196a9a70bc684ab3c00e8d6d4582d) Importer(815301076,1909f56bfc062723c751e8b465ee728b)
Start importing Assets/Images using Guid(c62196a9a70bc684ab3c00e8d6d4582d) Importer(815301076,1909f56bfc062723c751e8b465ee728b)  -> (artifact id: '9be7a3bd58fcb2d9518a6b51225f6765') in 0.011718 seconds 
========================================================================
Received Import Request.
  Time since last request: 50.464772 seconds.
  path: Assets/Scenes
  artifactKey: Guid(131a6b21c8605f84396be9f6751fb6e3) Importer(815301076,1909f56bfc062723c751e8b465ee728b)
Start importing Assets/Scenes using Guid(131a6b21c8605f84396be9f6751fb6e3) Importer(815301076,1909f56bfc062723c751e8b465ee728b)  -> (artifact id: '2c23e514d24f6b65fe96946cd87fc526') in 0.013180 seconds 
========================================================================
Received Import Request.
  Time since last request: 0.657357 seconds.
  path: Assets/Images/back.png
  artifactKey: Guid(b007546a419236a47bc0798972e49dbd) Importer(815301076,1909f56bfc062723c751e8b465ee728b)
Start importing Assets/Images/back.png using Guid(b007546a419236a47bc0798972e49dbd) Importer(815301076,1909f56bfc062723c751e8b465ee728b)  -> (artifact id: '3d02b2c04a05b440324f42ef3e659442') in 0.343665 seconds 
========================================================================
Received Import Request.
  Time since last request: 0.000027 seconds.
  path: Assets/Images/block2x1.png
  artifactKey: Guid(5369770d863c8de4cb7cc7bd1a19c9b9) Importer(815301076,1909f56bfc062723c751e8b465ee728b)
Start importing Assets/Images/block2x1.png using Guid(5369770d863c8de4cb7cc7bd1a19c9b9) Importer(815301076,1909f56bfc062723c751e8b465ee728b)  -> (artifact id: 'c9e71a21096aa91145aa43c05aee0135') in 0.022929 seconds 
========================================================================
Received Import Request.
  Time since last request: 0.000041 seconds.
  path: Assets/Images/item_red.png
  artifactKey: Guid(1dfea106b815fd243806305b7704f3b2) Importer(815301076,1909f56bfc062723c751e8b465ee728b)
Start importing Assets/Images/item_red.png using Guid(1dfea106b815fd243806305b7704f3b2) Importer(815301076,1909f56bfc062723c751e8b465ee728b)  -> (artifact id: '8d118021892c841cd3bdb668574617a2') in 0.029530 seconds 
========================================================================
Received Import Request.
  Time since last request: 0.000028 seconds.
  path: Assets/Images/VirtualPadTab.png
  artifactKey: Guid(2d9431e2e9834cd428dd5f2056a2159f) Importer(815301076,1909f56bfc062723c751e8b465ee728b)
Start importing Assets/Images/VirtualPadTab.png using Guid(2d9431e2e9834cd428dd5f2056a2159f) Importer(815301076,1909f56bfc062723c751e8b465ee728b)  -> (artifact id: 'dff515e2f7d0ff1b804c55897bb1474d') in 0.028948 seconds 
========================================================================
Received Import Request.
  Time since last request: 0.000037 seconds.
  path: Assets/Images/GameOver.png
  artifactKey: Guid(8de14c15e7b368e439fe5c014e8c3184) Importer(815301076,1909f56bfc062723c751e8b465ee728b)
Start importing Assets/Images/GameOver.png using Guid(8de14c15e7b368e439fe5c014e8c3184) Importer(815301076,1909f56bfc062723c751e8b465ee728b)  -> (artifact id: '10f66c6becb09b8051a7c639374ee6bb') in 0.033395 seconds 
========================================================================
Received Import Request.
  Time since last request: 0.000034 seconds.
  path: Assets/Images/StageClear.png
  artifactKey: Guid(d63fb963b8b94444cb19332ed8c25819) Importer(815301076,1909f56bfc062723c751e8b465ee728b)
Start importing Assets/Images/StageClear.png using Guid(d63fb963b8b94444cb19332ed8c25819) Importer(815301076,1909f56bfc062723c751e8b465ee728b)  -> (artifact id: '940a5da599c9d25022a1a7808cbe8c54') in 0.029550 seconds 
========================================================================
Received Import Request.
  Time since last request: 0.000047 seconds.
  path: Assets/Images/title_chara.png
  artifactKey: Guid(bce868e91d11c804a90e48c93c3e740c) Importer(815301076,1909f56bfc062723c751e8b465ee728b)
Start importing Assets/Images/title_chara.png using Guid(bce868e91d11c804a90e48c93c3e740c) Importer(815301076,1909f56bfc062723c751e8b465ee728b)  -> (artifact id: '2eb4be6317132dbcc6f7ccc706edc787') in 0.274952 seconds 
========================================================================
Received Import Request.
  Time since last request: 0.000039 seconds.
  path: Assets/Images/block_move.png
  artifactKey: Guid(cfb5069005c29c441afd02e5a8a0a12f) Importer(815301076,1909f56bfc062723c751e8b465ee728b)
Start importing Assets/Images/block_move.png using Guid(cfb5069005c29c441afd02e5a8a0a12f) Importer(815301076,1909f56bfc062723c751e8b465ee728b)  -> (artifact id: '761a5a99cd8ab546d937484d812b49ec') in 0.019029 seconds 
========================================================================
Received Import Request.
  Time since last request: 0.000046 seconds.
  path: Assets/Images/enemy3.png
  artifactKey: Guid(4245fcbd5854ea2449bfed5951088a58) Importer(815301076,1909f56bfc062723c751e8b465ee728b)
Start importing Assets/Images/enemy3.png using Guid(4245fcbd5854ea2449bfed5951088a58) Importer(815301076,1909f56bfc062723c751e8b465ee728b)  -> (artifact id: '213762561ab5eb767b1db9c19ae835a9') in 0.018922 seconds 
========================================================================
Received Import Request.
  Time since last request: 0.000041 seconds.
  path: Assets/Images/item_green.png
  artifactKey: Guid(0a96fdd5bab2ca840b5afa46477db7f9) Importer(815301076,1909f56bfc062723c751e8b465ee728b)
Start importing Assets/Images/item_green.png using Guid(0a96fdd5bab2ca840b5afa46477db7f9) Importer(815301076,1909f56bfc062723c751e8b465ee728b)  -> (artifact id: 'e103ac8d2f40231839f8af2f87ca7644') in 0.021893 seconds 
========================================================================
Received Import Request.
  Time since last request: 0.000028 seconds.
  path: Assets/Images/enemy4.png
  artifactKey: Guid(22f82edc755dd2b4396f1b3852317454) Importer(815301076,1909f56bfc062723c751e8b465ee728b)
Start importing Assets/Images/enemy4.png using Guid(22f82edc755dd2b4396f1b3852317454) Importer(815301076,1909f56bfc062723c751e8b465ee728b)  -> (artifact id: '133587442c0f47549e885d32f2a492fb') in 0.023443 seconds 
========================================================================
Received Import Request.
  Time since last request: 0.000032 seconds.
  path: Assets/Images/GameStart.png
  artifactKey: Guid(afe3cf01ff44b0b48b233d5cb68d9c63) Importer(815301076,1909f56bfc062723c751e8b465ee728b)
Start importing Assets/Images/GameStart.png using Guid(afe3cf01ff44b0b48b233d5cb68d9c63) Importer(815301076,1909f56bfc062723c751e8b465ee728b)  -> (artifact id: '6190ab85b891ed2ff66302e34785e218') in 0.025212 seconds 
========================================================================
Received Import Request.
  Time since last request: 0.000031 seconds.
  path: Assets/Images/title_logo.png
  artifactKey: Guid(c27fb1f95df9f2444865897af87645bb) Importer(815301076,1909f56bfc062723c751e8b465ee728b)
Start importing Assets/Images/title_logo.png using Guid(c27fb1f95df9f2444865897af87645bb) Importer(815301076,1909f56bfc062723c751e8b465ee728b)  -> (artifact id: '21b3c0ba6092a86968c055427682c451') in 0.050323 seconds 
========================================================================
Received Import Request.
  Time since last request: 0.000022 seconds.
  path: Assets/Images/TimeBar.png
  artifactKey: Guid(dbeaed9775c2999499541e0a7ad2ff80) Importer(815301076,1909f56bfc062723c751e8b465ee728b)
Start importing Assets/Images/TimeBar.png using Guid(dbeaed9775c2999499541e0a7ad2ff80) Importer(815301076,1909f56bfc062723c751e8b465ee728b)  -> (artifact id: 'adbe57c858f7df57d2fa30910033ba8f') in 0.025112 seconds 
========================================================================
Received Import Request.
  Time since last request: 0.000031 seconds.
  path: Assets/Images/needle.png
  artifactKey: Guid(895ebbb80228cdf4189761462e45dd5c) Importer(815301076,1909f56bfc062723c751e8b465ee728b)
Start importing Assets/Images/needle.png using Guid(895ebbb80228cdf4189761462e45dd5c) Importer(815301076,1909f56bfc062723c751e8b465ee728b)  -> (artifact id: '0cf80f493fd0f457dabfa895a2329194') in 0.021853 seconds 
========================================================================
Received Import Request.
  Time since last request: 0.000031 seconds.
  path: Assets/Images/VirtualPad2D.png
  artifactKey: Guid(2210378c21185114eb2ec9a6ebf5da90) Importer(815301076,1909f56bfc062723c751e8b465ee728b)
Start importing Assets/Images/VirtualPad2D.png using Guid(2210378c21185114eb2ec9a6ebf5da90) Importer(815301076,1909f56bfc062723c751e8b465ee728b)  -> (artifact id: '9c88c165838102c712a66525b908b3fc') in 0.022762 seconds 
Editor requested this worker to shutdown with reason: Scaling down because of idle timeout
AssetImportWorker is now disconnected from the server
Process exiting
Exiting without the bug reporter. Application will terminate with return code 0