Using pre-set license
Built from '2021.3/staging' branch; Version is '2021.3.25f1 (68ef2c4f8861) revision 6876972'; Using compiler version '192829333'; Build Type 'Release'
OS: 'Windows 11  (10.0.22621) 64bit Education' Language: 'ko' Physical Memory: 16109 MB
BatchMode: 1, IsHumanControllingUs: 0, StartBugReporterOnCrash: 0, Is64bit: 1, IsPro: 1

COMMAND LINE ARGUMENTS:
C:\Program Files\Unity\Hub\Editor\2021.3.25f1\Editor\Unity.exe
-adb2
-batchMode
-noUpm
-name
AssetImportWorker1
-projectPath
C:/Users/82102/IGDCProject
-logFile
Logs/AssetImportWorker1.log
-srvPort
60038
Successfully changed project path to: C:/Users/82102/IGDCProject
C:/Users/82102/IGDCProject
[UnityMemory] Configuration Parameters - Can be set up in boot.config
    "memorysetup-bucket-allocator-granularity=16"
    "memorysetup-bucket-allocator-bucket-count=8"
    "memorysetup-bucket-allocator-block-size=33554432"
    "memorysetup-bucket-allocator-block-count=8"
    "memorysetup-main-allocator-block-size=16777216"
    "memorysetup-thread-allocator-block-size=16777216"
    "memorysetup-gfx-main-allocator-block-size=16777216"
    "memorysetup-gfx-thread-allocator-block-size=16777216"
    "memorysetup-cache-allocator-block-size=4194304"
    "memorysetup-typetree-allocator-block-size=2097152"
    "memorysetup-profiler-bucket-allocator-granularity=16"
    "memorysetup-profiler-bucket-allocator-bucket-count=8"
    "memorysetup-profiler-bucket-allocator-block-size=33554432"
    "memorysetup-profiler-bucket-allocator-block-count=8"
    "memorysetup-profiler-allocator-block-size=16777216"
    "memorysetup-profiler-editor-allocator-block-size=1048576"
    "memorysetup-temp-allocator-size-main=16777216"
    "memorysetup-job-temp-allocator-block-size=2097152"
    "memorysetup-job-temp-allocator-block-size-background=1048576"
    "memorysetup-job-temp-allocator-reduction-small-platforms=262144"
    "memorysetup-temp-allocator-size-background-worker=32768"
    "memorysetup-temp-allocator-size-job-worker=262144"
    "memorysetup-temp-allocator-size-preload-manager=33554432"
    "memorysetup-temp-allocator-size-nav-mesh-worker=65536"
    "memorysetup-temp-allocator-size-audio-worker=65536"
    "memorysetup-temp-allocator-size-cloud-worker=32768"
    "memorysetup-temp-allocator-size-gi-baking-worker=262144"
    "memorysetup-temp-allocator-size-gfx=262144"
Player connection [6600] Host "[IP] 192.168.200.162 [Port] 0 [Flags] 2 [Guid] 885861570 [EditorId] 885861570 [Version] 1048832 [Id] WindowsEditor(7,Ann) [Debug] 1 [PackageName] WindowsEditor [ProjectName] Editor" joined multi-casting on [225.0.0.222:54997]...

Player connection [6600] Host "[IP] 192.168.200.162 [Port] 0 [Flags] 2 [Guid] 885861570 [EditorId] 885861570 [Version] 1048832 [Id] WindowsEditor(7,Ann) [Debug] 1 [PackageName] WindowsEditor [ProjectName] Editor" joined alternative multi-casting on [225.0.0.222:34997]...

Refreshing native plugins compatible for Editor in 64.28 ms, found 4 plugins.
Preloading 0 native plugins for Editor in 0.00 ms.
Initialize engine version: 2021.3.25f1 (68ef2c4f8861)
[Subsystems] Discovering subsystems at path C:/Program Files/Unity/Hub/Editor/2021.3.25f1/Editor/Data/Resources/UnitySubsystems
[Subsystems] Discovering subsystems at path C:/Users/82102/IGDCProject/Assets
GfxDevice: creating device client; threaded=0; jobified=0
Direct3D:
    Version:  Direct3D 11.0 [level 11.1]
    Renderer: Intel(R) Iris(R) Xe Graphics (ID=0x46a6)
    Vendor:   Intel
    VRAM:     8054 MB
    Driver:   31.0.101.3616
Initialize mono
Mono path[0] = 'C:/Program Files/Unity/Hub/Editor/2021.3.25f1/Editor/Data/Managed'
Mono path[1] = 'C:/Program Files/Unity/Hub/Editor/2021.3.25f1/Editor/Data/MonoBleedingEdge/lib/mono/unityjit-win32'
Mono config path = 'C:/Program Files/Unity/Hub/Editor/2021.3.25f1/Editor/Data/MonoBleedingEdge/etc'
Using monoOptions --debugger-agent=transport=dt_socket,embedding=1,server=y,suspend=n,address=127.0.0.1:56404
Begin MonoManager ReloadAssembly
Registering precompiled unity dll's ...
Register platform support module: C:/Program Files/Unity/Hub/Editor/2021.3.25f1/Editor/Data/PlaybackEngines/WindowsStandaloneSupport/UnityEditor.WindowsStandalone.Extensions.dll
Registered in 0.003804 seconds.
Native extension for WindowsStandalone target not found
Refreshing native plugins compatible for Editor in 56.20 ms, found 4 plugins.
Preloading 0 native plugins for Editor in 0.00 ms.
Mono: successfully reloaded assembly
- Completed reload, in  0.492 seconds
Domain Reload Profiling:
	ReloadAssembly (493ms)
		BeginReloadAssembly (67ms)
			ExecutionOrderSort (0ms)
			DisableScriptedObjects (0ms)
			BackupInstance (0ms)
			ReleaseScriptingObjects (0ms)
			CreateAndSetChildDomain (1ms)
		EndReloadAssembly (341ms)
			LoadAssemblies (66ms)
			RebuildTransferFunctionScriptingTraits (0ms)
			SetupTypeCache (77ms)
			ReleaseScriptCaches (0ms)
			RebuildScriptCaches (24ms)
			SetupLoadedEditorAssemblies (196ms)
				LogAssemblyErrors (0ms)
				InitializePlatformSupportModulesInManaged (5ms)
				SetLoadedEditorAssemblies (0ms)
				RefreshPlugins (56ms)
				BeforeProcessingInitializeOnLoad (1ms)
				ProcessInitializeOnLoadAttributes (98ms)
				ProcessInitializeOnLoadMethodAttributes (35ms)
				AfterProcessingInitializeOnLoad (0ms)
				EditorAssembliesLoaded (0ms)
			ExecutionOrderSort2 (0ms)
			AwakeInstancesAfterBackupRestoration (0ms)
Platform modules already initialized, skipping
Registering precompiled user dll's ...
Registered in 0.007744 seconds.
Begin MonoManager ReloadAssembly
Symbol file LoadedFromMemory doesn't match image C:\Users\82102\IGDCProject\Library\PackageCache\com.unity.visualscripting@1.8.0\Editor\VisualScripting.Core\Dependencies\YamlDotNet\Unity.VisualScripting.YamlDotNet.dll
Symbol file LoadedFromMemory doesn't match image C:\Users\82102\IGDCProject\Library\PackageCache\com.unity.visualscripting@1.8.0\Editor\VisualScripting.Core\Dependencies\DotNetZip\Unity.VisualScripting.IonicZip.dll
Native extension for WindowsStandalone target not found
Refreshing native plugins compatible for Editor in 55.19 ms, found 4 plugins.
Preloading 0 native plugins for Editor in 0.00 ms.
Mono: successfully reloaded assembly
- Completed reload, in  0.983 seconds
Domain Reload Profiling:
	ReloadAssembly (983ms)
		BeginReloadAssembly (99ms)
			ExecutionOrderSort (0ms)
			DisableScriptedObjects (4ms)
			BackupInstance (0ms)
			ReleaseScriptingObjects (0ms)
			CreateAndSetChildDomain (14ms)
		EndReloadAssembly (794ms)
			LoadAssemblies (89ms)
			RebuildTransferFunctionScriptingTraits (0ms)
			SetupTypeCache (197ms)
			ReleaseScriptCaches (1ms)
			RebuildScriptCaches (65ms)
			SetupLoadedEditorAssemblies (385ms)
				LogAssemblyErrors (0ms)
				InitializePlatformSupportModulesInManaged (3ms)
				SetLoadedEditorAssemblies (0ms)
				RefreshPlugins (55ms)
				BeforeProcessingInitializeOnLoad (70ms)
				ProcessInitializeOnLoadAttributes (218ms)
				ProcessInitializeOnLoadMethodAttributes (33ms)
				AfterProcessingInitializeOnLoad (5ms)
				EditorAssembliesLoaded (0ms)
			ExecutionOrderSort2 (0ms)
			AwakeInstancesAfterBackupRestoration (6ms)
Platform modules already initialized, skipping
========================================================================
Worker process is ready to serve import requests
Launched and connected shader compiler UnityShaderCompiler.exe after 0.14 seconds
Refreshing native plugins compatible for Editor in 0.59 ms, found 4 plugins.
Preloading 0 native plugins for Editor in 0.00 ms.
Unloading 3732 Unused Serialized files (Serialized files now loaded: 0)
Unloading 41 unused Assets / (229.3 KB). Loaded Objects now: 4185.
Memory consumption went from 142.6 MB to 142.4 MB.
Total: 3.181800 ms (FindLiveObjects: 0.234800 ms CreateObjectMapping: 0.094700 ms MarkObjects: 2.723200 ms  DeleteObjects: 0.128100 ms)

AssetImportParameters requested are different than current active one (requested -> active):
  custom:video-decoder-ogg-theora: a1e56fd34408186e4bbccfd4996cb3dc -> 
  custom:container-muxer-webm: aa71ff27fc2769a1b78a27578f13a17b -> 
  custom:container-demuxer-webm: 4f35f7cbe854078d1ac9338744f61a02 -> 
  custom:video-encoder-webm-vp8: eb34c28f22e8b96e1ab97ce403110664 -> 
  custom:video-codec-MediaFoundation-h265: 746d11721c4dcdbdad8f713fa42b33f4 -> 
  custom:audio-encoder-webm-vorbis: bf7c407c2cedff20999df2af8eb42d56 -> 
  custom:framework-win-MediaFoundation: 216162199b28c13a410421893ffa2e32 -> 
  custom:container-demuxer-ogg: 62fdf1f143b41e24485cea50d1cbac27 -> 
  custom:video-decoder-webm-vp8: 9c59270c3fd7afecdb556c50c9e8de78 -> 
  custom:audio-decoder-ogg-vorbis: bf7c407c2cedff20999df2af8eb42d56 -> 
========================================================================
Received Import Request.
  Time since last request: 87355.579005 seconds.
  path: Assets/Images/back2.png
  artifactKey: Guid(d22f99d4e7f28224db2d337970778cc6) Importer(815301076,1909f56bfc062723c751e8b465ee728b)
Start importing Assets/Images/back2.png using Guid(d22f99d4e7f28224db2d337970778cc6) Importer(815301076,1909f56bfc062723c751e8b465ee728b)  -> (artifact id: '2e428af2f9bb399da0653da51a43a68f') in 0.347876 seconds 
========================================================================
Received Import Request.
  Time since last request: 0.000036 seconds.
  path: Assets/Images/goal.png
  artifactKey: Guid(270c22121f7d60e4ca5097c87b4b682c) Importer(815301076,1909f56bfc062723c751e8b465ee728b)
Start importing Assets/Images/goal.png using Guid(270c22121f7d60e4ca5097c87b4b682c) Importer(815301076,1909f56bfc062723c751e8b465ee728b)  -> (artifact id: '75bfbac551f1789180282283b712688b') in 0.028388 seconds 
========================================================================
Received Import Request.
  Time since last request: 0.000050 seconds.
  path: Assets/Images/title_back.png
  artifactKey: Guid(6c5561eb0a98cc446a82f360f974fba0) Importer(815301076,1909f56bfc062723c751e8b465ee728b)
Start importing Assets/Images/title_back.png using Guid(6c5561eb0a98cc446a82f360f974fba0) Importer(815301076,1909f56bfc062723c751e8b465ee728b)  -> (artifact id: 'aa76a3ee4b4db15907d4b1177784ca24') in 0.302294 seconds 
========================================================================
Received Import Request.
  Time since last request: 0.000033 seconds.
  path: Assets/Images/shell.png
  artifactKey: Guid(dbd209fa8ae80c14fb997dcccb299fbf) Importer(815301076,1909f56bfc062723c751e8b465ee728b)
Start importing Assets/Images/shell.png using Guid(dbd209fa8ae80c14fb997dcccb299fbf) Importer(815301076,1909f56bfc062723c751e8b465ee728b)  -> (artifact id: '86cc35db4995435b58c110df65ea8912') in 0.021171 seconds 
========================================================================
Received Import Request.
  Time since last request: 0.000040 seconds.
  path: Assets/Images/Lever_off.png
  artifactKey: Guid(3f90b04e88b25184da845caeb876539f) Importer(815301076,1909f56bfc062723c751e8b465ee728b)
Start importing Assets/Images/Lever_off.png using Guid(3f90b04e88b25184da845caeb876539f) Importer(815301076,1909f56bfc062723c751e8b465ee728b)  -> (artifact id: '58adf6b6ee53a6c78818b90c1a5e969e') in 0.021514 seconds 
========================================================================
Received Import Request.
  Time since last request: 0.000032 seconds.
  path: Assets/Images/Lever_on.png
  artifactKey: Guid(5858d8f94ef3b3540a12db0c6821698d) Importer(815301076,1909f56bfc062723c751e8b465ee728b)
Start importing Assets/Images/Lever_on.png using Guid(5858d8f94ef3b3540a12db0c6821698d) Importer(815301076,1909f56bfc062723c751e8b465ee728b)  -> (artifact id: '8cac1fdfce75b6b79cc210fb1a37f3ce') in 0.028267 seconds 
========================================================================
Received Import Request.
  Time since last request: 0.000024 seconds.
  path: Assets/Images/enemy1.png
  artifactKey: Guid(b3b566f6ad14ad6408a517b7b9275017) Importer(815301076,1909f56bfc062723c751e8b465ee728b)
Start importing Assets/Images/enemy1.png using Guid(b3b566f6ad14ad6408a517b7b9275017) Importer(815301076,1909f56bfc062723c751e8b465ee728b)  -> (artifact id: '056ae6cb14c5a0c54afdc1821cb68fae') in 0.018795 seconds 
========================================================================
Received Import Request.
  Time since last request: 0.000026 seconds.
  path: Assets/Images/button.png
  artifactKey: Guid(3e0cdd67fffb049468123ab7e81920ef) Importer(815301076,1909f56bfc062723c751e8b465ee728b)
Start importing Assets/Images/button.png using Guid(3e0cdd67fffb049468123ab7e81920ef) Importer(815301076,1909f56bfc062723c751e8b465ee728b)  -> (artifact id: '851d055e7c1749b453a1516c8f93b973') in 0.019327 seconds 
========================================================================
Received Import Request.
  Time since last request: 0.000028 seconds.
  path: Assets/Images/ground.png
  artifactKey: Guid(b0fc4522f3c323d47baa08786acd87ee) Importer(815301076,1909f56bfc062723c751e8b465ee728b)
Start importing Assets/Images/ground.png using Guid(b0fc4522f3c323d47baa08786acd87ee) Importer(815301076,1909f56bfc062723c751e8b465ee728b)  -> (artifact id: '305b2c94d8e1e051d7067cd623bb88dc') in 0.022174 seconds 
========================================================================
Received Import Request.
  Time since last request: 0.000031 seconds.
  path: Assets/Images/JumpButton.png
  artifactKey: Guid(18be48d15e706344e964f2e7e8fd1c27) Importer(815301076,1909f56bfc062723c751e8b465ee728b)
Start importing Assets/Images/JumpButton.png using Guid(18be48d15e706344e964f2e7e8fd1c27) Importer(815301076,1909f56bfc062723c751e8b465ee728b)  -> (artifact id: '44b31075a86469b0a491aad626836aa7') in 0.023464 seconds 
========================================================================
Received Import Request.
  Time since last request: 0.000032 seconds.
  path: Assets/Images/item_blue.png
  artifactKey: Guid(d613b81b440978b478ad24594b06c75d) Importer(815301076,1909f56bfc062723c751e8b465ee728b)
Start importing Assets/Images/item_blue.png using Guid(d613b81b440978b478ad24594b06c75d) Importer(815301076,1909f56bfc062723c751e8b465ee728b)  -> (artifact id: '609aa85743b5e068f9a1178e286d2c9b') in 0.024141 seconds 
========================================================================
Received Import Request.
  Time since last request: 0.000042 seconds.
  path: Assets/Images/item_white.png
  artifactKey: Guid(f9639be851b49624bbfd56f9ba0640de) Importer(815301076,1909f56bfc062723c751e8b465ee728b)
Start importing Assets/Images/item_white.png using Guid(f9639be851b49624bbfd56f9ba0640de) Importer(815301076,1909f56bfc062723c751e8b465ee728b)  -> (artifact id: 'ba1679370edbc2ed217de603e4e945f4') in 0.020159 seconds 
========================================================================
Received Import Request.
  Time since last request: 0.000037 seconds.
  path: Assets/Images/block1x1.png
  artifactKey: Guid(09877a5d26b245848b57807fa1ccc275) Importer(815301076,1909f56bfc062723c751e8b465ee728b)
Start importing Assets/Images/block1x1.png using Guid(09877a5d26b245848b57807fa1ccc275) Importer(815301076,1909f56bfc062723c751e8b465ee728b)  -> (artifact id: '0ebebc7f7ad1eb2fb70bcc32028cd7fd') in 0.020161 seconds 
========================================================================
Received Import Request.
  Time since last request: 0.000037 seconds.
  path: Assets/Images/block1x2.png
  artifactKey: Guid(914ddad4e25d0b54095f53a3e89a1b45) Importer(815301076,1909f56bfc062723c751e8b465ee728b)
Start importing Assets/Images/block1x2.png using Guid(914ddad4e25d0b54095f53a3e89a1b45) Importer(815301076,1909f56bfc062723c751e8b465ee728b)  -> (artifact id: 'be608e3cf9f94eb0e3425435d79b97b6') in 0.019405 seconds 
========================================================================
Received Import Request.
  Time since last request: 0.000025 seconds.
  path: Assets/Images/cannon.png
  artifactKey: Guid(853e8244cefa88543acc76515469a6bf) Importer(815301076,1909f56bfc062723c751e8b465ee728b)
Start importing Assets/Images/cannon.png using Guid(853e8244cefa88543acc76515469a6bf) Importer(815301076,1909f56bfc062723c751e8b465ee728b)  -> (artifact id: '2d20b1645392d50db4f5a9ad7c1fe9db') in 0.025223 seconds 
========================================================================
Received Import Request.
  Time since last request: 0.000036 seconds.
  path: Assets/Images/enemy2.png
  artifactKey: Guid(06dbe4caa85ecf14e93e3926429d1f56) Importer(815301076,1909f56bfc062723c751e8b465ee728b)
Start importing Assets/Images/enemy2.png using Guid(06dbe4caa85ecf14e93e3926429d1f56) Importer(815301076,1909f56bfc062723c751e8b465ee728b)  -> (artifact id: '21aeb81dbc23d3d658baa7f30dca5096') in 0.022751 seconds 
========================================================================
Received Import Request.
  Time since last request: 0.000025 seconds.
  path: Assets/Images/ScoreBoard.png
  artifactKey: Guid(0f2df55f97809094998256b35a666ba0) Importer(815301076,1909f56bfc062723c751e8b465ee728b)
Start importing Assets/Images/ScoreBoard.png using Guid(0f2df55f97809094998256b35a666ba0) Importer(815301076,1909f56bfc062723c751e8b465ee728b)  -> (artifact id: '2dabe4a3516a3e6b62838f6f162920b7') in 0.035190 seconds 
Editor requested this worker to shutdown with reason: Scaling down because of idle timeout
AssetImportWorker is now disconnected from the server
Process exiting
Exiting without the bug reporter. Application will terminate with return code 0